  [1m[36m (151.1ms)[0m  [1mCREATE TABLE "schema_migrations" ("version" varchar NOT NULL) [0m
  [1m[35m (0.2ms)[0m  select sqlite_version(*)
  [1m[36m (99.2ms)[0m  [1mCREATE UNIQUE INDEX "unique_schema_migrations" ON "schema_migrations" ("version")[0m
  [1m[35mActiveRecord::SchemaMigration Load (0.1ms)[0m  SELECT "schema_migrations".* FROM "schema_migrations"
Migrating to CreateRoles (20160418084717)
  [1m[36m (0.1ms)[0m  [1mbegin transaction[0m
  [1m[35m (0.4ms)[0m  CREATE TABLE "roles" ("id" INTEGER PRIMARY KEY AUTOINCREMENT NOT NULL, "name" varchar, "created_at" datetime NOT NULL, "updated_at" datetime NOT NULL) 
  [1m[36mSQL (0.3ms)[0m  [1mINSERT INTO "schema_migrations" ("version") VALUES (?)[0m  [["version", "20160418084717"]]
  [1m[35m (122.9ms)[0m  commit transaction
Migrating to CreateUsers (20160418084732)
  [1m[36m (0.1ms)[0m  [1mbegin transaction[0m
  [1m[35m (0.3ms)[0m  CREATE TABLE "users" ("id" INTEGER PRIMARY KEY AUTOINCREMENT NOT NULL, "first_name" varchar, "last_name" varchar, "email" varchar, "password_digest" varchar, "remember_created_at" datetime, "role_id" integer, "created_at" datetime NOT NULL, "updated_at" datetime NOT NULL) 
  [1m[36m (0.2ms)[0m  [1mCREATE  INDEX "index_users_on_role_id" ON "users" ("role_id")[0m
  [1m[35mSQL (0.2ms)[0m  INSERT INTO "schema_migrations" ("version") VALUES (?)  [["version", "20160418084732"]]
  [1m[36m (119.1ms)[0m  [1mcommit transaction[0m
  [1m[35mActiveRecord::SchemaMigration Load (0.1ms)[0m  SELECT "schema_migrations".* FROM "schema_migrations"
  [1m[36m (0.1ms)[0m  [1m            SELECT sql
            FROM sqlite_master
            WHERE name='index_users_on_role_id' AND type='index'
            UNION ALL
            SELECT sql
            FROM sqlite_temp_master
            WHERE name='index_users_on_role_id' AND type='index'
[0m
  [1m[36mActiveRecord::SchemaMigration Load (0.2ms)[0m  [1mSELECT "schema_migrations".* FROM "schema_migrations"[0m
  [1m[35m (0.1ms)[0m  begin transaction
  [1m[36mSQL (0.4ms)[0m  [1mINSERT INTO "roles" ("name", "created_at", "updated_at") VALUES (?, ?, ?)[0m  [["name", "admin"], ["created_at", "2016-07-22 14:32:11.075681"], ["updated_at", "2016-07-22 14:32:11.075681"]]
  [1m[35m (98.6ms)[0m  commit transaction
  [1m[36m (0.1ms)[0m  [1mbegin transaction[0m
  [1m[35mSQL (0.2ms)[0m  INSERT INTO "roles" ("name", "created_at", "updated_at") VALUES (?, ?, ?)  [["name", "staff"], ["created_at", "2016-07-22 14:32:11.179098"], ["updated_at", "2016-07-22 14:32:11.179098"]]
  [1m[36m (98.4ms)[0m  [1mcommit transaction[0m
  [1m[35m (0.1ms)[0m  begin transaction
  [1m[36mSQL (0.4ms)[0m  [1mINSERT INTO "users" ("first_name", "last_name", "email", "password_digest", "role_id", "created_at", "updated_at") VALUES (?, ?, ?, ?, ?, ?, ?)[0m  [["first_name", "Rails"], ["last_name", "admin"], ["email", "a@z.com"], ["password_digest", "$2a$10$17x84d3R5e7d2wO0Ju1kz.Oi.jvwJ8Nflh/gmZgPXy8aVir71k8nK"], ["role_id", 1], ["created_at", "2016-07-22 14:32:11.413993"], ["updated_at", "2016-07-22 14:32:11.413993"]]
  [1m[35m (107.9ms)[0m  commit transaction


Started GET "/" for 127.0.0.1 at 2016-07-22 20:32:41 +0600
  [1m[36mActiveRecord::SchemaMigration Load (0.2ms)[0m  [1mSELECT "schema_migrations".* FROM "schema_migrations"[0m
Processing by HomeController#index as HTML
  [1m[35mUser Load (0.3ms)[0m  SELECT  "users".* FROM "users" WHERE "users"."id" IS NULL  ORDER BY "users"."id" ASC LIMIT 1
  Rendered home/index.html.erb within layouts/application (50.5ms)
  Rendered layouts/_home_nav.html.erb (1.0ms)
  Rendered layouts/_flash_message.html.erb (0.7ms)
Completed 200 OK in 1768ms (Views: 1744.6ms | ActiveRecord: 0.9ms)


Started GET "/assets/bootstrap-reset.self-4995497b082426e5611568e27d858878469f7205d8e8a0ab1607713a66ee3f57.css?body=1" for 127.0.0.1 at 2016-07-22 20:32:43 +0600


Started GET "/assets/home.self-e3b0c44298fc1c149afbf4c8996fb92427ae41e4649b934ca495991b7852b855.css?body=1" for 127.0.0.1 at 2016-07-22 20:32:43 +0600


Started GET "/assets/roles.self-e3b0c44298fc1c149afbf4c8996fb92427ae41e4649b934ca495991b7852b855.css?body=1" for 127.0.0.1 at 2016-07-22 20:32:43 +0600


Started GET "/assets/style.self-699a070fa6f4330dfbcfce081ba822b538310d4a75d6b4ab4bc2dc5995f16aeb.css?body=1" for 127.0.0.1 at 2016-07-22 20:32:43 +0600


Started GET "/assets/application.self-e80e8f2318043e8af94dddc2adad5a4f09739a8ebb323b3ab31cd71d45fd9113.css?body=1" for 127.0.0.1 at 2016-07-22 20:32:43 +0600


Started GET "/assets/jquery.self-660adc51e0224b731d29f575a6f1ec167ba08ad06ed5deca4f1e8654c135bf4c.js?body=1" for 127.0.0.1 at 2016-07-22 20:32:43 +0600


Started GET "/assets/jquery_ujs.self-e87806d0cf4489aeb1bb7288016024e8de67fd18db693fe026fe3907581e53cd.js?body=1" for 127.0.0.1 at 2016-07-22 20:32:43 +0600


Started GET "/assets/home.self-877aef30ae1b040ab8a3aba4e3e309a11d7f2612f44dde450b5c157aa5f95c05.js?body=1" for 127.0.0.1 at 2016-07-22 20:32:43 +0600


Started GET "/assets/roles.self-877aef30ae1b040ab8a3aba4e3e309a11d7f2612f44dde450b5c157aa5f95c05.js?body=1" for 127.0.0.1 at 2016-07-22 20:32:44 +0600


Started GET "/assets/sessions.self-877aef30ae1b040ab8a3aba4e3e309a11d7f2612f44dde450b5c157aa5f95c05.js?body=1" for 127.0.0.1 at 2016-07-22 20:32:44 +0600


Started GET "/assets/users.self-877aef30ae1b040ab8a3aba4e3e309a11d7f2612f44dde450b5c157aa5f95c05.js?body=1" for 127.0.0.1 at 2016-07-22 20:32:44 +0600


Started GET "/assets/application.self-1da6d28687370077cd6ba59def469f872870ada4ce65335c79d77914791d0983.js?body=1" for 127.0.0.1 at 2016-07-22 20:32:44 +0600


Started GET "/assets/sessions.self-e3b0c44298fc1c149afbf4c8996fb92427ae41e4649b934ca495991b7852b855.css?body=1" for 127.0.0.1 at 2016-07-22 20:32:44 +0600
  [1m[36mActiveRecord::SchemaMigration Load (0.3ms)[0m  [1mSELECT "schema_migrations".* FROM "schema_migrations"[0m


Started GET "/assets/users.self-e3b0c44298fc1c149afbf4c8996fb92427ae41e4649b934ca495991b7852b855.css?body=1" for 127.0.0.1 at 2016-07-22 20:32:44 +0600


Started GET "/login" for 127.0.0.1 at 2016-07-22 20:32:47 +0600
Processing by SessionsController#new as HTML
  [1m[35mUser Load (0.3ms)[0m  SELECT  "users".* FROM "users" WHERE "users"."id" IS NULL  ORDER BY "users"."id" ASC LIMIT 1
  Rendered sessions/new.html.erb within layouts/application (3.1ms)
  Rendered layouts/_home_nav.html.erb (0.8ms)
  Rendered layouts/_flash_message.html.erb (0.7ms)
Completed 200 OK in 107ms (Views: 77.3ms | ActiveRecord: 0.9ms)
